2025-08-24 23:04:59,929 - INFO - 开始提取实体...
2025-08-24 23:04:59,947 - ERROR - 处理 business_ja 时出错: 'NoneType' object is not iterable
2025-08-24 23:04:59,974 - INFO - 图谱数据已导出到: multi_language_kg.json
2025-08-24 23:05:57,292 - INFO - 已加载 zh 语言模型: zh_core_web_sm
2025-08-24 23:05:57,513 - INFO - 已加载 ja 语言模型: ja_core_news_sm
2025-08-24 23:05:57,886 - INFO - 已加载 en 语言模型: en_core_web_sm
2025-08-24 23:05:57,960 - INFO - 成功连接到Neo4j数据库
2025-08-24 23:05:57,962 - INFO - 处理 insurance_zh 文档...
2025-08-24 23:05:57,971 - INFO - 已清空Neo4j数据库
2025-08-24 23:05:57,987 - INFO - 开始提取实体...
2025-08-24 23:05:58,004 - ERROR - 处理 insurance_zh 时出错: 'NoneType' object is not iterable
2025-08-24 23:05:58,004 - INFO - 处理 technical_en 文档...
2025-08-24 23:05:58,004 - INFO - 开始提取实体...
2025-08-24 23:05:58,023 - INFO - 提取到 20 个实体
2025-08-24 23:05:58,023 - INFO - 开始提取关系...
2025-08-24 23:05:58,041 - INFO - 提取到 193 个关系
2025-08-24 23:05:58,042 - INFO - 创建实体节点...
2025-08-24 23:05:58,148 - INFO - 创建关系...
2025-08-24 23:05:59,041 - INFO - 知识图谱构建完成: {'total_nodes': 20, 'total_relations': 193, 'node_types': [{'type': 'CONCEPT', 'count': 18}, {'type': 'NAMED_ENTITY', 'count': 2}]}
2025-08-24 23:05:59,041 - INFO - 处理 business_ja 文档...
2025-08-24 23:05:59,042 - INFO - 开始提取实体...
2025-08-24 23:05:59,062 - ERROR - 处理 business_ja 时出错: 'NoneType' object is not iterable
2025-08-24 23:05:59,108 - INFO - 图谱数据已导出到: multi_language_kg.json
2025-08-24 23:13:35,961 - INFO - 已加载 zh 语言模型: zh_core_web_sm
2025-08-24 23:13:36,143 - INFO - 已加载 ja 语言模型: ja_core_news_sm
2025-08-24 23:13:36,475 - INFO - 已加载 en 语言模型: en_core_web_sm
2025-08-24 23:13:36,537 - INFO - 成功连接到Neo4j数据库
2025-08-24 23:13:36,537 - INFO - 处理 insurance_zh 文档...
2025-08-24 23:13:36,542 - INFO - 已清空Neo4j数据库
2025-08-24 23:13:36,559 - INFO - 开始提取实体...
2025-08-24 23:13:36,576 - WARNING - 名词短语提取失败: 'NoneType' object is not iterable
2025-08-24 23:13:36,576 - INFO - 提取到 0 个实体
2025-08-24 23:13:36,576 - INFO - 开始提取关系...
2025-08-24 23:13:36,576 - INFO - 提取到 0 个关系
2025-08-24 23:13:36,576 - INFO - 创建实体节点...
2025-08-24 23:13:36,576 - INFO - 创建关系...
2025-08-24 23:13:36,656 - INFO - 知识图谱构建完成: {'total_nodes': 0, 'total_relations': 0, 'node_types': []}
2025-08-24 23:13:36,656 - INFO - 处理 technical_en 文档...
2025-08-24 23:13:36,656 - INFO - 开始提取实体...
2025-08-24 23:13:36,676 - INFO - 提取到 20 个实体
2025-08-24 23:13:36,676 - INFO - 开始提取关系...
2025-08-24 23:13:36,687 - INFO - 提取到 193 个关系
2025-08-24 23:13:36,687 - INFO - 创建实体节点...
2025-08-24 23:13:36,790 - INFO - 创建关系...
2025-08-24 23:13:37,774 - INFO - 知识图谱构建完成: {'total_nodes': 20, 'total_relations': 193, 'node_types': [{'type': 'CONCEPT', 'count': 18}, {'type': 'NAMED_ENTITY', 'count': 2}]}
2025-08-24 23:13:37,775 - INFO - 处理 business_ja 文档...
2025-08-24 23:13:37,775 - INFO - 开始提取实体...
2025-08-24 23:13:37,797 - WARNING - 名词短语提取失败: 'NoneType' object is not iterable
2025-08-24 23:13:37,798 - INFO - 提取到 1 个实体
2025-08-24 23:13:37,798 - INFO - 开始提取关系...
2025-08-24 23:13:37,816 - INFO - 提取到 0 个关系
2025-08-24 23:13:37,816 - INFO - 创建实体节点...
2025-08-24 23:13:37,827 - INFO - 创建关系...
2025-08-24 23:13:37,837 - INFO - 知识图谱构建完成: {'total_nodes': 21, 'total_relations': 193, 'node_types': [{'type': 'CONCEPT', 'count': 18}, {'type': 'NAMED_ENTITY', 'count': 3}]}
2025-08-24 23:13:37,863 - INFO - 图谱数据已导出到: multi_language_kg.json
